2012-09-06T14:25:12+01:00 NOTICE (5): Page not found
2012-09-06T14:25:12+01:00 NOTICE (5): Invalid controller specified (bogus)
2012-09-06T14:25:12+01:00 NOTICE (5): #0 /home/richard/projects/zend-blank-project/library/Zend/Controller/Front.php(954): Zend_Controller_Dispatcher_Standard->dispatch(Object(Zend_Controller_Request_HttpTestCase), Object(Zend_Controller_Response_HttpTestCase))
#1 /home/richard/projects/zend-blank-project/library/Zend/Application/Bootstrap/Bootstrap.php(97): Zend_Controller_Front->dispatch()
#2 /home/richard/projects/zend-blank-project/library/Zend/Application.php(366): Zend_Application_Bootstrap_Bootstrap->run()
#3 /home/richard/projects/zend-blank-project/library/Zend/Test/PHPUnit/ControllerTestCase.php(206): Zend_Application->run()
#4 /home/richard/projects/zend-blank-project/tests/application/controllers/ErrorControllerTest.php(14): Zend_Test_PHPUnit_ControllerTestCase->dispatch('/bogus')
#5 [internal function]: ErrorControllerTest->testErrorAction()
#6 /usr/share/php/PHPUnit/Framework/TestCase.php(942): ReflectionMethod->invokeArgs(Object(ErrorControllerTest), Array)
#7 /usr/share/php/PHPUnit/Framework/TestCase.php(804): PHPUnit_Framework_TestCase->runTest()
#8 /usr/share/php/PHPUnit/Framework/TestResult.php(649): PHPUnit_Framework_TestCase->runBare()
#9 /usr/share/php/PHPUnit/Framework/TestCase.php(751): PHPUnit_Framework_TestResult->run(Object(ErrorControllerTest))
#10 /usr/share/php/PHPUnit/Framework/TestSuite.php(772): PHPUnit_Framework_TestCase->run(Object(PHPUnit_Framework_TestResult))
#11 /usr/share/php/PHPUnit/Framework/TestSuite.php(745): PHPUnit_Framework_TestSuite->runTest(Object(ErrorControllerTest), Object(PHPUnit_Framework_TestResult))
#12 /usr/share/php/PHPUnit/Framework/TestSuite.php(705): PHPUnit_Framework_TestSuite->run(Object(PHPUnit_Framework_TestResult), false, Array, Array, false)
#13 /usr/share/php/PHPUnit/Framework/TestSuite.php(705): PHPUnit_Framework_TestSuite->run(Object(PHPUnit_Framework_TestResult), false, Array, Array, false)
#14 /usr/share/php/PHPUnit/TextUI/TestRunner.php(325): PHPUnit_Framework_TestSuite->run(Object(PHPUnit_Framework_TestResult), false, Array, Array, false)
#15 /usr/share/php/PHPUnit/TextUI/Command.php(192): PHPUnit_TextUI_TestRunner->doRun(Object(PHPUnit_Framework_TestSuite), Array)
#16 /usr/share/php/PHPUnit/TextUI/Command.php(130): PHPUnit_TextUI_Command->run(Array, true)
#17 /usr/bin/phpunit(46): PHPUnit_TextUI_Command::main()
#18 {main}
2012-09-06T14:25:12+01:00 NOTICE (5): array (
  'controller' => 'bogus',
  'action' => 'index',
  'module' => 'default',
)
2012-09-06T14:25:12+01:00 NOTICE (5): Page not found
2012-09-06T14:25:12+01:00 NOTICE (5): Invalid controller specified (bogus)
2012-09-06T14:25:12+01:00 NOTICE (5): #0 /home/richard/projects/zend-blank-project/library/Zend/Controller/Front.php(954): Zend_Controller_Dispatcher_Standard->dispatch(Object(Zend_Controller_Request_HttpTestCase), Object(Zend_Controller_Response_HttpTestCase))
#1 /home/richard/projects/zend-blank-project/library/Zend/Application/Bootstrap/Bootstrap.php(97): Zend_Controller_Front->dispatch()
#2 /home/richard/projects/zend-blank-project/library/Zend/Application.php(366): Zend_Application_Bootstrap_Bootstrap->run()
#3 /home/richard/projects/zend-blank-project/library/Zend/Test/PHPUnit/ControllerTestCase.php(206): Zend_Application->run()
#4 /home/richard/projects/zend-blank-project/tests/application/controllers/ErrorControllerTest.php(21): Zend_Test_PHPUnit_ControllerTestCase->dispatch('/bogus')
#5 [internal function]: ErrorControllerTest->testErrorAction404ResponseCode()
#6 /usr/share/php/PHPUnit/Framework/TestCase.php(942): ReflectionMethod->invokeArgs(Object(ErrorControllerTest), Array)
#7 /usr/share/php/PHPUnit/Framework/TestCase.php(804): PHPUnit_Framework_TestCase->runTest()
#8 /usr/share/php/PHPUnit/Framework/TestResult.php(649): PHPUnit_Framework_TestCase->runBare()
#9 /usr/share/php/PHPUnit/Framework/TestCase.php(751): PHPUnit_Framework_TestResult->run(Object(ErrorControllerTest))
#10 /usr/share/php/PHPUnit/Framework/TestSuite.php(772): PHPUnit_Framework_TestCase->run(Object(PHPUnit_Framework_TestResult))
#11 /usr/share/php/PHPUnit/Framework/TestSuite.php(745): PHPUnit_Framework_TestSuite->runTest(Object(ErrorControllerTest), Object(PHPUnit_Framework_TestResult))
#12 /usr/share/php/PHPUnit/Framework/TestSuite.php(705): PHPUnit_Framework_TestSuite->run(Object(PHPUnit_Framework_TestResult), false, Array, Array, false)
#13 /usr/share/php/PHPUnit/Framework/TestSuite.php(705): PHPUnit_Framework_TestSuite->run(Object(PHPUnit_Framework_TestResult), false, Array, Array, false)
#14 /usr/share/php/PHPUnit/TextUI/TestRunner.php(325): PHPUnit_Framework_TestSuite->run(Object(PHPUnit_Framework_TestResult), false, Array, Array, false)
#15 /usr/share/php/PHPUnit/TextUI/Command.php(192): PHPUnit_TextUI_TestRunner->doRun(Object(PHPUnit_Framework_TestSuite), Array)
#16 /usr/share/php/PHPUnit/TextUI/Command.php(130): PHPUnit_TextUI_Command->run(Array, true)
#17 /usr/bin/phpunit(46): PHPUnit_TextUI_Command::main()
#18 {main}
2012-09-06T14:25:12+01:00 NOTICE (5): array (
  'controller' => 'bogus',
  'action' => 'index',
  'module' => 'default',
)
2012-09-06T14:26:30+01:00 NOTICE (5): Page not found
2012-09-06T14:26:30+01:00 NOTICE (5): Invalid controller specified (bogus)
2012-09-06T14:26:30+01:00 NOTICE (5): #0 /home/richard/projects/zend-blank-project/library/Zend/Controller/Front.php(954): Zend_Controller_Dispatcher_Standard->dispatch(Object(Zend_Controller_Request_HttpTestCase), Object(Zend_Controller_Response_HttpTestCase))
#1 /home/richard/projects/zend-blank-project/library/Zend/Application/Bootstrap/Bootstrap.php(97): Zend_Controller_Front->dispatch()
#2 /home/richard/projects/zend-blank-project/library/Zend/Application.php(366): Zend_Application_Bootstrap_Bootstrap->run()
#3 /home/richard/projects/zend-blank-project/library/Zend/Test/PHPUnit/ControllerTestCase.php(206): Zend_Application->run()
#4 /home/richard/projects/zend-blank-project/tests/application/controllers/ErrorControllerTest.php(14): Zend_Test_PHPUnit_ControllerTestCase->dispatch('/bogus')
#5 [internal function]: ErrorControllerTest->testErrorAction()
#6 /usr/share/php/PHPUnit/Framework/TestCase.php(942): ReflectionMethod->invokeArgs(Object(ErrorControllerTest), Array)
#7 /usr/share/php/PHPUnit/Framework/TestCase.php(804): PHPUnit_Framework_TestCase->runTest()
#8 /usr/share/php/PHPUnit/Framework/TestResult.php(649): PHPUnit_Framework_TestCase->runBare()
#9 /usr/share/php/PHPUnit/Framework/TestCase.php(751): PHPUnit_Framework_TestResult->run(Object(ErrorControllerTest))
#10 /usr/share/php/PHPUnit/Framework/TestSuite.php(772): PHPUnit_Framework_TestCase->run(Object(PHPUnit_Framework_TestResult))
#11 /usr/share/php/PHPUnit/Framework/TestSuite.php(745): PHPUnit_Framework_TestSuite->runTest(Object(ErrorControllerTest), Object(PHPUnit_Framework_TestResult))
#12 /usr/share/php/PHPUnit/Framework/TestSuite.php(705): PHPUnit_Framework_TestSuite->run(Object(PHPUnit_Framework_TestResult), false, Array, Array, false)
#13 /usr/share/php/PHPUnit/Framework/TestSuite.php(705): PHPUnit_Framework_TestSuite->run(Object(PHPUnit_Framework_TestResult), false, Array, Array, false)
#14 /usr/share/php/PHPUnit/TextUI/TestRunner.php(325): PHPUnit_Framework_TestSuite->run(Object(PHPUnit_Framework_TestResult), false, Array, Array, false)
#15 /usr/share/php/PHPUnit/TextUI/Command.php(192): PHPUnit_TextUI_TestRunner->doRun(Object(PHPUnit_Framework_TestSuite), Array)
#16 /usr/share/php/PHPUnit/TextUI/Command.php(130): PHPUnit_TextUI_Command->run(Array, true)
#17 /usr/bin/phpunit(46): PHPUnit_TextUI_Command::main()
#18 {main}
2012-09-06T14:26:30+01:00 NOTICE (5): array (
  'controller' => 'bogus',
  'action' => 'index',
  'module' => 'default',
)
2012-09-06T14:26:30+01:00 NOTICE (5): Page not found
2012-09-06T14:26:30+01:00 NOTICE (5): Invalid controller specified (bogus)
2012-09-06T14:26:30+01:00 NOTICE (5): #0 /home/richard/projects/zend-blank-project/library/Zend/Controller/Front.php(954): Zend_Controller_Dispatcher_Standard->dispatch(Object(Zend_Controller_Request_HttpTestCase), Object(Zend_Controller_Response_HttpTestCase))
#1 /home/richard/projects/zend-blank-project/library/Zend/Application/Bootstrap/Bootstrap.php(97): Zend_Controller_Front->dispatch()
#2 /home/richard/projects/zend-blank-project/library/Zend/Application.php(366): Zend_Application_Bootstrap_Bootstrap->run()
#3 /home/richard/projects/zend-blank-project/library/Zend/Test/PHPUnit/ControllerTestCase.php(206): Zend_Application->run()
#4 /home/richard/projects/zend-blank-project/tests/application/controllers/ErrorControllerTest.php(21): Zend_Test_PHPUnit_ControllerTestCase->dispatch('/bogus')
#5 [internal function]: ErrorControllerTest->testErrorAction404ResponseCode()
#6 /usr/share/php/PHPUnit/Framework/TestCase.php(942): ReflectionMethod->invokeArgs(Object(ErrorControllerTest), Array)
#7 /usr/share/php/PHPUnit/Framework/TestCase.php(804): PHPUnit_Framework_TestCase->runTest()
#8 /usr/share/php/PHPUnit/Framework/TestResult.php(649): PHPUnit_Framework_TestCase->runBare()
#9 /usr/share/php/PHPUnit/Framework/TestCase.php(751): PHPUnit_Framework_TestResult->run(Object(ErrorControllerTest))
#10 /usr/share/php/PHPUnit/Framework/TestSuite.php(772): PHPUnit_Framework_TestCase->run(Object(PHPUnit_Framework_TestResult))
#11 /usr/share/php/PHPUnit/Framework/TestSuite.php(745): PHPUnit_Framework_TestSuite->runTest(Object(ErrorControllerTest), Object(PHPUnit_Framework_TestResult))
#12 /usr/share/php/PHPUnit/Framework/TestSuite.php(705): PHPUnit_Framework_TestSuite->run(Object(PHPUnit_Framework_TestResult), false, Array, Array, false)
#13 /usr/share/php/PHPUnit/Framework/TestSuite.php(705): PHPUnit_Framework_TestSuite->run(Object(PHPUnit_Framework_TestResult), false, Array, Array, false)
#14 /usr/share/php/PHPUnit/TextUI/TestRunner.php(325): PHPUnit_Framework_TestSuite->run(Object(PHPUnit_Framework_TestResult), false, Array, Array, false)
#15 /usr/share/php/PHPUnit/TextUI/Command.php(192): PHPUnit_TextUI_TestRunner->doRun(Object(PHPUnit_Framework_TestSuite), Array)
#16 /usr/share/php/PHPUnit/TextUI/Command.php(130): PHPUnit_TextUI_Command->run(Array, true)
#17 /usr/bin/phpunit(46): PHPUnit_TextUI_Command::main()
#18 {main}
2012-09-06T14:26:30+01:00 NOTICE (5): array (
  'controller' => 'bogus',
  'action' => 'index',
  'module' => 'default',
)
2012-09-06T14:27:48+01:00 NOTICE (5): Page not found
2012-09-06T14:27:48+01:00 NOTICE (5): Invalid controller specified (bogus)
2012-09-06T14:27:48+01:00 NOTICE (5): #0 /home/richard/projects/zend-blank-project/library/Zend/Controller/Front.php(954): Zend_Controller_Dispatcher_Standard->dispatch(Object(Zend_Controller_Request_Http), Object(Zend_Controller_Response_Http))
#1 /home/richard/projects/zend-blank-project/library/Zend/Application/Bootstrap/Bootstrap.php(97): Zend_Controller_Front->dispatch()
#2 /home/richard/projects/zend-blank-project/init.php(34): Zend_Application_Bootstrap_Bootstrap->run()
#3 /home/richard/projects/zend-blank-project/public/index.php(3): Application::run()
#4 {main}
2012-09-06T14:27:48+01:00 NOTICE (5): array (
  'controller' => 'bogus',
  'action' => 'index',
  'module' => 'default',
)
2012-09-06T14:27:55+01:00 NOTICE (5): Page not found
2012-09-06T14:27:55+01:00 NOTICE (5): Action "index" does not exist and was not trapped in __call()
2012-09-06T14:27:55+01:00 NOTICE (5): #0 /home/richard/projects/zend-blank-project/library/Zend/Controller/Action.php(518): Zend_Controller_Action->__call('indexAction', Array)
#1 /home/richard/projects/zend-blank-project/library/Zend/Controller/Dispatcher/Standard.php(308): Zend_Controller_Action->dispatch('indexAction')
#2 /home/richard/projects/zend-blank-project/library/Zend/Controller/Front.php(954): Zend_Controller_Dispatcher_Standard->dispatch(Object(Zend_Controller_Request_Http), Object(Zend_Controller_Response_Http))
#3 /home/richard/projects/zend-blank-project/library/Zend/Application/Bootstrap/Bootstrap.php(97): Zend_Controller_Front->dispatch()
#4 /home/richard/projects/zend-blank-project/init.php(34): Zend_Application_Bootstrap_Bootstrap->run()
#5 /home/richard/projects/zend-blank-project/public/index.php(3): Application::run()
#6 {main}
2012-09-06T14:27:55+01:00 NOTICE (5): array (
  'controller' => 'error',
  'action' => 'index',
  'module' => 'default',
)
2012-09-06T14:33:48+01:00 NOTICE (5): Page not found
2012-09-06T14:33:48+01:00 NOTICE (5): Invalid controller specified (bogus)
2012-09-06T14:33:48+01:00 NOTICE (5): #0 /home/richard/projects/zend-blank-project/library/Zend/Controller/Front.php(954): Zend_Controller_Dispatcher_Standard->dispatch(Object(Zend_Controller_Request_Http), Object(Zend_Controller_Response_Http))
#1 /home/richard/projects/zend-blank-project/library/Zend/Application/Bootstrap/Bootstrap.php(97): Zend_Controller_Front->dispatch()
#2 /home/richard/projects/zend-blank-project/init.php(34): Zend_Application_Bootstrap_Bootstrap->run()
#3 /home/richard/projects/zend-blank-project/public/index.php(3): Application::run()
#4 {main}
2012-09-06T14:33:48+01:00 NOTICE (5): array (
  'controller' => 'bogus',
  'action' => 'index',
  'module' => 'default',
)
2012-09-06T14:34:16+01:00 NOTICE (5): Page not found
2012-09-06T14:34:16+01:00 NOTICE (5): Invalid controller specified (bogus)
2012-09-06T14:34:16+01:00 NOTICE (5): #0 /home/richard/projects/zend-blank-project/library/Zend/Controller/Front.php(954): Zend_Controller_Dispatcher_Standard->dispatch(Object(Zend_Controller_Request_Http), Object(Zend_Controller_Response_Http))
#1 /home/richard/projects/zend-blank-project/library/Zend/Application/Bootstrap/Bootstrap.php(97): Zend_Controller_Front->dispatch()
#2 /home/richard/projects/zend-blank-project/init.php(34): Zend_Application_Bootstrap_Bootstrap->run()
#3 /home/richard/projects/zend-blank-project/public/index.php(3): Application::run()
#4 {main}
2012-09-06T14:34:16+01:00 NOTICE (5): array (
  'controller' => 'bogus',
  'action' => 'index',
  'module' => 'default',
)
2012-09-06T14:34:17+01:00 NOTICE (5): Page not found
2012-09-06T14:34:17+01:00 NOTICE (5): Invalid controller specified (bogus)
2012-09-06T14:34:17+01:00 NOTICE (5): #0 /home/richard/projects/zend-blank-project/library/Zend/Controller/Front.php(954): Zend_Controller_Dispatcher_Standard->dispatch(Object(Zend_Controller_Request_Http), Object(Zend_Controller_Response_Http))
#1 /home/richard/projects/zend-blank-project/library/Zend/Application/Bootstrap/Bootstrap.php(97): Zend_Controller_Front->dispatch()
#2 /home/richard/projects/zend-blank-project/init.php(34): Zend_Application_Bootstrap_Bootstrap->run()
#3 /home/richard/projects/zend-blank-project/public/index.php(3): Application::run()
#4 {main}
2012-09-06T14:34:17+01:00 NOTICE (5): array (
  'controller' => 'bogus',
  'action' => 'index',
  'module' => 'default',
)
2012-09-06T14:37:07+01:00 NOTICE (5): Page not found
2012-09-06T14:37:07+01:00 NOTICE (5): Invalid controller specified (bogus)
2012-09-06T14:37:07+01:00 NOTICE (5): #0 /home/richard/projects/zend-blank-project/library/Zend/Controller/Front.php(954): Zend_Controller_Dispatcher_Standard->dispatch(Object(Zend_Controller_Request_HttpTestCase), Object(Zend_Controller_Response_HttpTestCase))
#1 /home/richard/projects/zend-blank-project/library/Zend/Application/Bootstrap/Bootstrap.php(97): Zend_Controller_Front->dispatch()
#2 /home/richard/projects/zend-blank-project/library/Zend/Application.php(366): Zend_Application_Bootstrap_Bootstrap->run()
#3 /home/richard/projects/zend-blank-project/library/Zend/Test/PHPUnit/ControllerTestCase.php(206): Zend_Application->run()
#4 /home/richard/projects/zend-blank-project/tests/application/controllers/ErrorControllerTest.php(14): Zend_Test_PHPUnit_ControllerTestCase->dispatch('/bogus')
#5 [internal function]: ErrorControllerTest->testErrorAction()
#6 /usr/share/php/PHPUnit/Framework/TestCase.php(942): ReflectionMethod->invokeArgs(Object(ErrorControllerTest), Array)
#7 /usr/share/php/PHPUnit/Framework/TestCase.php(804): PHPUnit_Framework_TestCase->runTest()
#8 /usr/share/php/PHPUnit/Framework/TestResult.php(649): PHPUnit_Framework_TestCase->runBare()
#9 /usr/share/php/PHPUnit/Framework/TestCase.php(751): PHPUnit_Framework_TestResult->run(Object(ErrorControllerTest))
#10 /usr/share/php/PHPUnit/Framework/TestSuite.php(772): PHPUnit_Framework_TestCase->run(Object(PHPUnit_Framework_TestResult))
#11 /usr/share/php/PHPUnit/Framework/TestSuite.php(745): PHPUnit_Framework_TestSuite->runTest(Object(ErrorControllerTest), Object(PHPUnit_Framework_TestResult))
#12 /usr/share/php/PHPUnit/Framework/TestSuite.php(705): PHPUnit_Framework_TestSuite->run(Object(PHPUnit_Framework_TestResult), false, Array, Array, false)
#13 /usr/share/php/PHPUnit/Framework/TestSuite.php(705): PHPUnit_Framework_TestSuite->run(Object(PHPUnit_Framework_TestResult), false, Array, Array, false)
#14 /usr/share/php/PHPUnit/TextUI/TestRunner.php(325): PHPUnit_Framework_TestSuite->run(Object(PHPUnit_Framework_TestResult), false, Array, Array, false)
#15 /usr/share/php/PHPUnit/TextUI/Command.php(192): PHPUnit_TextUI_TestRunner->doRun(Object(PHPUnit_Framework_TestSuite), Array)
#16 /usr/share/php/PHPUnit/TextUI/Command.php(130): PHPUnit_TextUI_Command->run(Array, true)
#17 /usr/bin/phpunit(46): PHPUnit_TextUI_Command::main()
#18 {main}
2012-09-06T14:37:07+01:00 NOTICE (5): array (
  'controller' => 'bogus',
  'action' => 'index',
  'module' => 'default',
)
2012-09-06T14:37:08+01:00 NOTICE (5): Page not found
2012-09-06T14:37:08+01:00 NOTICE (5): Invalid controller specified (bogus)
2012-09-06T14:37:08+01:00 NOTICE (5): #0 /home/richard/projects/zend-blank-project/library/Zend/Controller/Front.php(954): Zend_Controller_Dispatcher_Standard->dispatch(Object(Zend_Controller_Request_HttpTestCase), Object(Zend_Controller_Response_HttpTestCase))
#1 /home/richard/projects/zend-blank-project/library/Zend/Application/Bootstrap/Bootstrap.php(97): Zend_Controller_Front->dispatch()
#2 /home/richard/projects/zend-blank-project/library/Zend/Application.php(366): Zend_Application_Bootstrap_Bootstrap->run()
#3 /home/richard/projects/zend-blank-project/library/Zend/Test/PHPUnit/ControllerTestCase.php(206): Zend_Application->run()
#4 /home/richard/projects/zend-blank-project/tests/application/controllers/ErrorControllerTest.php(21): Zend_Test_PHPUnit_ControllerTestCase->dispatch('/bogus')
#5 [internal function]: ErrorControllerTest->testErrorAction404ResponseCode()
#6 /usr/share/php/PHPUnit/Framework/TestCase.php(942): ReflectionMethod->invokeArgs(Object(ErrorControllerTest), Array)
#7 /usr/share/php/PHPUnit/Framework/TestCase.php(804): PHPUnit_Framework_TestCase->runTest()
#8 /usr/share/php/PHPUnit/Framework/TestResult.php(649): PHPUnit_Framework_TestCase->runBare()
#9 /usr/share/php/PHPUnit/Framework/TestCase.php(751): PHPUnit_Framework_TestResult->run(Object(ErrorControllerTest))
#10 /usr/share/php/PHPUnit/Framework/TestSuite.php(772): PHPUnit_Framework_TestCase->run(Object(PHPUnit_Framework_TestResult))
#11 /usr/share/php/PHPUnit/Framework/TestSuite.php(745): PHPUnit_Framework_TestSuite->runTest(Object(ErrorControllerTest), Object(PHPUnit_Framework_TestResult))
#12 /usr/share/php/PHPUnit/Framework/TestSuite.php(705): PHPUnit_Framework_TestSuite->run(Object(PHPUnit_Framework_TestResult), false, Array, Array, false)
#13 /usr/share/php/PHPUnit/Framework/TestSuite.php(705): PHPUnit_Framework_TestSuite->run(Object(PHPUnit_Framework_TestResult), false, Array, Array, false)
#14 /usr/share/php/PHPUnit/TextUI/TestRunner.php(325): PHPUnit_Framework_TestSuite->run(Object(PHPUnit_Framework_TestResult), false, Array, Array, false)
#15 /usr/share/php/PHPUnit/TextUI/Command.php(192): PHPUnit_TextUI_TestRunner->doRun(Object(PHPUnit_Framework_TestSuite), Array)
#16 /usr/share/php/PHPUnit/TextUI/Command.php(130): PHPUnit_TextUI_Command->run(Array, true)
#17 /usr/bin/phpunit(46): PHPUnit_TextUI_Command::main()
#18 {main}
2012-09-06T14:37:08+01:00 NOTICE (5): array (
  'controller' => 'bogus',
  'action' => 'index',
  'module' => 'default',
)
2012-09-06T14:37:29+01:00 NOTICE (5): Page not found
2012-09-06T14:37:29+01:00 NOTICE (5): Invalid controller specified (bogus)
2012-09-06T14:37:29+01:00 NOTICE (5): #0 /home/richard/projects/zend-blank-project/library/Zend/Controller/Front.php(954): Zend_Controller_Dispatcher_Standard->dispatch(Object(Zend_Controller_Request_Http), Object(Zend_Controller_Response_Http))
#1 /home/richard/projects/zend-blank-project/library/Zend/Application/Bootstrap/Bootstrap.php(97): Zend_Controller_Front->dispatch()
#2 /home/richard/projects/zend-blank-project/init.php(34): Zend_Application_Bootstrap_Bootstrap->run()
#3 /home/richard/projects/zend-blank-project/public/index.php(3): Application::run()
#4 {main}
2012-09-06T14:37:29+01:00 NOTICE (5): array (
  'controller' => 'bogus',
  'action' => 'index',
  'module' => 'default',
)
2012-09-06T15:10:18+01:00 NOTICE (5): Page not found
2012-09-06T15:10:18+01:00 NOTICE (5): Invalid controller specified (bogus)
2012-09-06T15:10:18+01:00 NOTICE (5): #0 /home/richard/projects/zend-blank-project/library/Zend/Controller/Front.php(954): Zend_Controller_Dispatcher_Standard->dispatch(Object(Zend_Controller_Request_Http), Object(Zend_Controller_Response_Http))
#1 /home/richard/projects/zend-blank-project/library/Zend/Application/Bootstrap/Bootstrap.php(97): Zend_Controller_Front->dispatch()
#2 /home/richard/projects/zend-blank-project/init.php(34): Zend_Application_Bootstrap_Bootstrap->run()
#3 /home/richard/projects/zend-blank-project/public/index.php(3): Application::run()
#4 {main}
2012-09-06T15:10:18+01:00 NOTICE (5): array (
  'controller' => 'bogus',
  'action' => 'index',
  'module' => 'default',
)
